[26-Feb-2021 12:51:26] NOTICE: fpm is running, pid 60816
[26-Feb-2021 12:51:26] NOTICE: ready to handle connections
[28-Feb-2021 15:51:35] NOTICE: Terminating ...
[28-Feb-2021 15:51:35] NOTICE: Terminating ...
[28-Feb-2021 15:51:35] NOTICE: exiting, bye-bye!
[28-Feb-2021 15:51:38] NOTICE: fpm is running, pid 72090
[28-Feb-2021 15:51:38] NOTICE: ready to handle connections
[02-Mar-2021 08:53:29] NOTICE: Terminating ...
[02-Mar-2021 08:53:29] NOTICE: Terminating ...
[02-Mar-2021 08:53:29] NOTICE: exiting, bye-bye!
[02-Mar-2021 08:53:32] NOTICE: fpm is running, pid 74689
[02-Mar-2021 08:53:32] NOTICE: ready to handle connections
[02-Mar-2021 09:06:29] NOTICE: Terminating ...
[02-Mar-2021 09:06:29] NOTICE: Terminating ...
[02-Mar-2021 09:06:29] NOTICE: exiting, bye-bye!
[02-Mar-2021 09:06:33] NOTICE: fpm is running, pid 74918
[02-Mar-2021 09:06:33] NOTICE: ready to handle connections
[02-Mar-2021 12:07:59] NOTICE: Terminating ...
[02-Mar-2021 12:07:59] NOTICE: Terminating ...
[02-Mar-2021 12:07:59] NOTICE: exiting, bye-bye!
[02-Mar-2021 12:08:04] NOTICE: fpm is running, pid 80226
[02-Mar-2021 12:08:04] NOTICE: ready to handle connections
[02-Mar-2021 19:39:44] NOTICE: fpm is running, pid 1384
[02-Mar-2021 19:39:44] NOTICE: ready to handle connections
[02-Mar-2021 20:34:43] NOTICE: Terminating ...
[02-Mar-2021 20:34:43] NOTICE: Terminating ...
[02-Mar-2021 20:34:43] NOTICE: exiting, bye-bye!
[02-Mar-2021 20:34:45] NOTICE: fpm is running, pid 2509
[02-Mar-2021 20:34:45] NOTICE: ready to handle connections
[02-Mar-2021 20:36:32] NOTICE: Terminating ...
[02-Mar-2021 20:36:32] NOTICE: Terminating ...
[02-Mar-2021 20:36:32] NOTICE: exiting, bye-bye!
[02-Mar-2021 20:36:34] NOTICE: fpm is running, pid 2573
[02-Mar-2021 20:36:34] NOTICE: ready to handle connections
[02-Mar-2021 20:37:15] NOTICE: Terminating ...
[02-Mar-2021 20:37:15] NOTICE: Terminating ...
[02-Mar-2021 20:37:15] NOTICE: exiting, bye-bye!
[02-Mar-2021 20:37:18] NOTICE: fpm is running, pid 2616
[02-Mar-2021 20:37:18] NOTICE: ready to handle connections
